<?xml version="1.0" encoding="UTF-8"?>
<!-- Generated by org.testng.reporters.JUnitXMLReporter -->
<testsuite hostname="DESKTOP-0VAHO8P" ignored="2" name="emulator-5554" tests="4" failures="2" timestamp="2022-09-07T00:20:58 ICT" time="0.147" errors="0">
  <testcase name="@AfterMethod captureScreenshot" time="0.001" classname="tests.BaseTest">
    <failure type="java.lang.IllegalArgumentException" message="Please provide hub ip address via env variable [hub]!">
      <![CDATA[java.lang.IllegalArgumentException: Please provide hub ip address via env variable [hub]!
at driver.DriverFactory.getDriver(DriverFactory.java:69)
at tests.BaseTest.getDriver(BaseTest.java:32)
at tests.BaseTest.captureScreenshot(BaseTest.java:79)
at java.util.ArrayList.forEach(ArrayList.java:1259)
at java.util.concurrent.FutureTask.run(FutureTask.java:266)
at java.util.concurrent.ThreadPoolExecutor.runWorker(ThreadPoolExecutor.java:1149)
at java.util.concurrent.ThreadPoolExecutor$Worker.run(ThreadPoolExecutor.java:624)
at java.lang.Thread.run(Thread.java:750)
... Removed 23 stack frames]]>
    </failure>
  </testcase> <!-- @AfterMethod captureScreenshot -->
  <testcase name="@AfterMethod captureScreenshot" time="0.0" classname="tests.BaseTest">
    <skipped/>
  </testcase> <!-- @AfterMethod captureScreenshot -->
  <testcase name="@AfterMethod captureScreenshot" time="0.0" classname="tests.BaseTest">
    <skipped/>
  </testcase> <!-- @AfterMethod captureScreenshot -->
  <testcase name="@AfterMethod captureScreenshot" time="0.001" classname="tests.BaseTest">
    <failure type="java.lang.IllegalArgumentException" message="Please provide hub ip address via env variable [hub]!">
      <![CDATA[java.lang.IllegalArgumentException: Please provide hub ip address via env variable [hub]!
at driver.DriverFactory.getDriver(DriverFactory.java:69)
at tests.BaseTest.getDriver(BaseTest.java:32)
at tests.BaseTest.captureScreenshot(BaseTest.java:79)
at java.util.ArrayList.forEach(ArrayList.java:1259)
at java.util.concurrent.FutureTask.run(FutureTask.java:266)
at java.util.concurrent.ThreadPoolExecutor.runWorker(ThreadPoolExecutor.java:1149)
at java.util.concurrent.ThreadPoolExecutor$Worker.run(ThreadPoolExecutor.java:624)
at java.lang.Thread.run(Thread.java:750)
... Removed 23 stack frames]]>
    </failure>
  </testcase> <!-- @AfterMethod captureScreenshot -->
  <testcase name="testLogin" time="0.033" classname="tests.authen.LoginTestWithBaseTest">
    <failure type="java.lang.IllegalArgumentException" message="Please provide hub ip address via env variable [hub]!">
      <![CDATA[java.lang.IllegalArgumentException: Please provide hub ip address via env variable [hub]!
at driver.DriverFactory.getDriver(DriverFactory.java:69)
at tests.BaseTest.getDriver(BaseTest.java:32)
at tests.authen.LoginTestWithBaseTest.testLogin(LoginTestWithBaseTest.java:18)
at java.util.ArrayList.forEach(ArrayList.java:1259)
at java.util.concurrent.FutureTask.run(FutureTask.java:266)
at java.util.concurrent.ThreadPoolExecutor.runWorker(ThreadPoolExecutor.java:1149)
at java.util.concurrent.ThreadPoolExecutor$Worker.run(ThreadPoolExecutor.java:624)
at java.lang.Thread.run(Thread.java:750)
... Removed 18 stack frames]]>
    </failure>
  </testcase> <!-- testLogin -->
  <testcase name="testLogin" time="0.0" classname="tests.authen.LoginTestWithBaseTest">
    <skipped/>
  </testcase> <!-- testLogin -->
  <testcase name="testLogin" time="0.0" classname="tests.authen.LoginTestWithBaseTest">
    <skipped/>
  </testcase> <!-- testLogin -->
  <testcase name="testFormInput" time="0.002" classname="tests.form.FormTest">
    <failure type="java.lang.IllegalArgumentException" message="Please provide hub ip address via env variable [hub]!">
      <![CDATA[java.lang.IllegalArgumentException: Please provide hub ip address via env variable [hub]!
at driver.DriverFactory.getDriver(DriverFactory.java:69)
at tests.BaseTest.getDriver(BaseTest.java:32)
at tests.form.FormTest.testFormInput(FormTest.java:15)
at java.util.ArrayList.forEach(ArrayList.java:1259)
at java.util.concurrent.FutureTask.run(FutureTask.java:266)
at java.util.concurrent.ThreadPoolExecutor.runWorker(ThreadPoolExecutor.java:1149)
at java.util.concurrent.ThreadPoolExecutor$Worker.run(ThreadPoolExecutor.java:624)
at java.lang.Thread.run(Thread.java:750)
... Removed 18 stack frames]]>
    </failure>
  </testcase> <!-- testFormInput -->
  <testcase name="@AfterTest quitAppiumSession" time="0.0" classname="tests.BaseTest">
    <ignored/>
  </testcase> <!-- @AfterTest quitAppiumSession -->
  <testcase name="@BeforeTest initAppiumSession" time="0.0" classname="tests.BaseTest">
    <ignored/>
  </testcase> <!-- @BeforeTest initAppiumSession -->
</testsuite> <!-- emulator-5554 -->
